make[1]: Entering directory '/sources/gcc-7.2.0/build'
make[2]: Entering directory '/sources/gcc-7.2.0/build/fixincludes'
autogen -T ../../fixincludes/check.tpl ../../fixincludes/inclhack.def
make[2]: autogen: Command not found
make[2]: *** [Makefile:176: check] Error 127
make[2]: Leaving directory '/sources/gcc-7.2.0/build/fixincludes'
make[1]: *** [Makefile:3648: check-fixincludes] Error 2
make[2]: Entering directory '/sources/gcc-7.2.0/build/gcc'
rm -rf testsuite/gcc-parallel
make[3]: Entering directory '/sources/gcc-7.2.0/build/gcc'
(rootme=`${PWDCMD-pwd}`; export rootme; \
srcdir=`cd ../../gcc; ${PWDCMD-pwd}` ; export srcdir ; \
if [ -n "" ] \
   && [ -n "$GCC_RUNTEST_PARALLELIZE_DIR" ] \
   && [ -f testsuite/gcc-parallel/finished ]; then \
  rm -rf testsuite/gcc; \
else \
  cd testsuite/gcc; \
  rm -f tmp-site.exp; \
  sed '/set tmpdir/ s|testsuite$|testsuite/gcc|' \
	< ../../site.exp > tmp-site.exp; \
  /bin/sh ${srcdir}/../move-if-change tmp-site.exp site.exp; \
  EXPECT=`if [ -f ${rootme}/../expect/expect ] ; then echo ${rootme}/../expect/expect ; else echo expect ; fi` ; export EXPECT ; \
  if [ -f ${rootme}/../expect/expect ] ; then  \
    TCL_LIBRARY=`cd .. ; cd ${srcdir}/../tcl/library ; ${PWDCMD-pwd}` ; \
    export TCL_LIBRARY ; \
  fi ; \
  `if [ -f ${srcdir}/../dejagnu/runtest ] ; then echo ${srcdir}/../dejagnu/runtest ; else echo runtest; fi` --tool gcc ; \
  if [ -n "$GCC_RUNTEST_PARALLELIZE_DIR" ] ; then \
    touch ${rootme}/testsuite/gcc-parallel/finished; \
  fi ; \
fi )
WARNING: Couldn't find the global config file.
Test run by root on Fri Jan 26 06:26:35 2018
Native configuration is x86_64-pc-linux-gnu

		=== gcc tests ===

Schedule of variations:
    unix

Running target unix
Using /tools/share/dejagnu/baseboards/unix.exp as board description file for target.
Using /tools/share/dejagnu/config/unix.exp as generic interface file for target.
Using /sources/gcc-7.2.0/gcc/testsuite/config/default.exp as tool-and-target-specific interface file.
Running /sources/gcc-7.2.0/gcc/testsuite/gcc.c-torture/compile/compile.exp ...
Running /sources/gcc-7.2.0/gcc/testsuite/gcc.c-torture/execute/builtins/builtins.exp ...
Running /sources/gcc-7.2.0/gcc/testsuite/gcc.c-torture/execute/execute.exp ...
Running /sources/gcc-7.2.0/gcc/testsuite/gcc.c-torture/execute/ieee/ieee.exp ...
Running /sources/gcc-7.2.0/gcc/testsuite/gcc.c-torture/unsorted/unsorted.exp ...
Running /sources/gcc-7.2.0/gcc/testsuite/gcc.dg/asan/asan.exp ...
Running /sources/gcc-7.2.0/gcc/testsuite/gcc.dg/atomic/atomic.exp ...
Running /sources/gcc-7.2.0/gcc/testsuite/gcc.dg/autopar/autopar.exp ...
Running /sources/gcc-7.2.0/gcc/testsuite/gcc.dg/charset/charset.exp ...
Running /sources/gcc-7.2.0/gcc/testsuite/gcc.dg/cilk-plus/cilk-plus.exp ...
Running /sources/gcc-7.2.0/gcc/testsuite/gcc.dg/compat/compat.exp ...
Running /sources/gcc-7.2.0/gcc/testsuite/gcc.dg/compat/struct-layout-1.exp ...
Running /sources/gcc-7.2.0/gcc/testsuite/gcc.dg/cpp/cpp.exp ...
Running /sources/gcc-7.2.0/gcc/testsuite/gcc.dg/cpp/trad/trad.exp ...
Running /sources/gcc-7.2.0/gcc/testsuite/gcc.dg/debug/debug.exp ...
Running /sources/gcc-7.2.0/gcc/testsuite/gcc.dg/debug/dwarf2/dwarf2.exp ...
Running /sources/gcc-7.2.0/gcc/testsuite/gcc.dg/dfp/dfp.exp ...
Running /sources/gcc-7.2.0/gcc/testsuite/gcc.dg/dg.exp ...
Running /sources/gcc-7.2.0/gcc/testsuite/gcc.dg/fixed-point/fixed-point.exp ...
Running /sources/gcc-7.2.0/gcc/testsuite/gcc.dg/format/format.exp ...
Running /sources/gcc-7.2.0/gcc/testsuite/gcc.dg/goacc-gomp/goacc-gomp.exp ...
Running /sources/gcc-7.2.0/gcc/testsuite/gcc.dg/goacc/goacc.exp ...
Running /sources/gcc-7.2.0/gcc/testsuite/gcc.dg/gomp/gomp.exp ...
Running /sources/gcc-7.2.0/gcc/testsuite/gcc.dg/graphite/graphite.exp ...
Running /sources/gcc-7.2.0/gcc/testsuite/gcc.dg/guality/guality.exp ...
Running /sources/gcc-7.2.0/gcc/testsuite/gcc.dg/ipa/ipa.exp ...
Running /sources/gcc-7.2.0/gcc/testsuite/gcc.dg/lto/lto.exp ...
Running /sources/gcc-7.2.0/gcc/testsuite/gcc.dg/noncompile/noncompile.exp ...
Running /sources/gcc-7.2.0/gcc/testsuite/gcc.dg/params/params.exp ...
Running /sources/gcc-7.2.0/gcc/testsuite/gcc.dg/pch/pch.exp ...
Running /sources/gcc-7.2.0/gcc/testsuite/gcc.dg/plugin/plugin.exp ...
Running /sources/gcc-7.2.0/gcc/testsuite/gcc.dg/rtl/rtl.exp ...
Running /sources/gcc-7.2.0/gcc/testsuite/gcc.dg/sancov/sancov.exp ...
Running /sources/gcc-7.2.0/gcc/testsuite/gcc.dg/simulate-thread/simulate-thread.exp ...
Running /sources/gcc-7.2.0/gcc/testsuite/gcc.dg/special/mips-abi.exp ...
Running /sources/gcc-7.2.0/gcc/testsuite/gcc.dg/special/special.exp ...
Running /sources/gcc-7.2.0/gcc/testsuite/gcc.dg/sso/sso.exp ...
Running /sources/gcc-7.2.0/gcc/testsuite/gcc.dg/tls/tls.exp ...
Running /sources/gcc-7.2.0/gcc/testsuite/gcc.dg/tm/tm.exp ...
Running /sources/gcc-7.2.0/gcc/testsuite/gcc.dg/torture/dg-torture.exp ...
Running /sources/gcc-7.2.0/gcc/testsuite/gcc.dg/torture/stackalign/stackalign.exp ...
Running /sources/gcc-7.2.0/gcc/testsuite/gcc.dg/torture/tls/tls.exp ...
Running /sources/gcc-7.2.0/gcc/testsuite/gcc.dg/tree-prof/tree-prof.exp ...
Running /sources/gcc-7.2.0/gcc/testsuite/gcc.dg/tree-ssa/tree-ssa.exp ...
Running /sources/gcc-7.2.0/gcc/testsuite/gcc.dg/tsan/tsan.exp ...
Running /sources/gcc-7.2.0/gcc/testsuite/gcc.dg/ubsan/ubsan.exp ...
Running /sources/gcc-7.2.0/gcc/testsuite/gcc.dg/vect/costmodel/i386/i386-costmodel-vect.exp ...
Running /sources/gcc-7.2.0/gcc/testsuite/gcc.dg/vect/costmodel/ppc/ppc-costmodel-vect.exp ...
Running /sources/gcc-7.2.0/gcc/testsuite/gcc.dg/vect/costmodel/spu/spu-costmodel-vect.exp ...
Running /sources/gcc-7.2.0/gcc/testsuite/gcc.dg/vect/costmodel/x86_64/x86_64-costmodel-vect.exp ...
Running /sources/gcc-7.2.0/gcc/testsuite/gcc.dg/vect/vect.exp ...
Running /sources/gcc-7.2.0/gcc/testsuite/gcc.dg/vmx/vmx.exp ...
Running /sources/gcc-7.2.0/gcc/testsuite/gcc.dg/vxworks/vxworks.exp ...
Running /sources/gcc-7.2.0/gcc/testsuite/gcc.dg/weak/weak.exp ...
Running /sources/gcc-7.2.0/gcc/testsuite/gcc.misc-tests/acker1.exp ...
Running /sources/gcc-7.2.0/gcc/testsuite/gcc.misc-tests/arm-isr.exp ...
Running /sources/gcc-7.2.0/gcc/testsuite/gcc.misc-tests/bprob.exp ...
Running /sources/gcc-7.2.0/gcc/testsuite/gcc.misc-tests/dectest.exp ...
Running /sources/gcc-7.2.0/gcc/testsuite/gcc.misc-tests/dhry.exp ...
Running /sources/gcc-7.2.0/gcc/testsuite/gcc.misc-tests/gcov.exp ...
Running /sources/gcc-7.2.0/gcc/testsuite/gcc.misc-tests/godump.exp ...
Running /sources/gcc-7.2.0/gcc/testsuite/gcc.misc-tests/help.exp ...
Running /sources/gcc-7.2.0/gcc/testsuite/gcc.misc-tests/i386-prefetch.exp ...
Running /sources/gcc-7.2.0/gcc/testsuite/gcc.misc-tests/linkage.exp ...
Running /sources/gcc-7.2.0/gcc/testsuite/gcc.misc-tests/matrix1.exp ...
Running /sources/gcc-7.2.0/gcc/testsuite/gcc.misc-tests/mg-2.exp ...
Running /sources/gcc-7.2.0/gcc/testsuite/gcc.misc-tests/mg.exp ...
Running /sources/gcc-7.2.0/gcc/testsuite/gcc.misc-tests/options.exp ...
Running /sources/gcc-7.2.0/gcc/testsuite/gcc.misc-tests/output.exp ...
Running /sources/gcc-7.2.0/gcc/testsuite/gcc.misc-tests/sieve.exp ...
Running /sources/gcc-7.2.0/gcc/testsuite/gcc.misc-tests/sort2.exp ...
Running /sources/gcc-7.2.0/gcc/testsuite/gcc.target/aarch64/aapcs64/aapcs64.exp ...
Running /sources/gcc-7.2.0/gcc/testsuite/gcc.target/aarch64/aarch64.exp ...
Running /sources/gcc-7.2.0/gcc/testsuite/gcc.target/aarch64/acle/acle.exp ...
Running /sources/gcc-7.2.0/gcc/testsuite/gcc.target/aarch64/advsimd-intrinsics/advsimd-intrinsics.exp ...
Running /sources/gcc-7.2.0/gcc/testsuite/gcc.target/aarch64/fp16/fp16.exp ...
Running /sources/gcc-7.2.0/gcc/testsuite/gcc.target/aarch64/simd/simd.exp ...
Running /sources/gcc-7.2.0/gcc/testsuite/gcc.target/alpha/alpha.exp ...
Running /sources/gcc-7.2.0/gcc/testsuite/gcc.target/arc/arc.exp ...
Running /sources/gcc-7.2.0/gcc/testsuite/gcc.target/arm/aapcs/aapcs.exp ...
Running /sources/gcc-7.2.0/gcc/testsuite/gcc.target/arm/acle/acle.exp ...
Running /sources/gcc-7.2.0/gcc/testsuite/gcc.target/arm/arm.exp ...
Running /sources/gcc-7.2.0/gcc/testsuite/gcc.target/arm/cmse/cmse.exp ...
Running /sources/gcc-7.2.0/gcc/testsuite/gcc.target/arm/lto/lto.exp ...
Running /sources/gcc-7.2.0/gcc/testsuite/gcc.target/arm/pure-code/pure-code.exp ...
Running /sources/gcc-7.2.0/gcc/testsuite/gcc.target/arm/simd/simd.exp ...
Running /sources/gcc-7.2.0/gcc/testsuite/gcc.target/avr/avr.exp ...
Running /sources/gcc-7.2.0/gcc/testsuite/gcc.target/avr/mmcu/avr-mmcu.exp ...
Running /sources/gcc-7.2.0/gcc/testsuite/gcc.target/avr/torture/avr-torture.exp ...
Running /sources/gcc-7.2.0/gcc/testsuite/gcc.target/bfin/bfin.exp ...
Running /sources/gcc-7.2.0/gcc/testsuite/gcc.target/bfin/builtins/bfin-builtins.exp ...
Running /sources/gcc-7.2.0/gcc/testsuite/gcc.target/cris/cris.exp ...
Running /sources/gcc-7.2.0/gcc/testsuite/gcc.target/cris/torture/cris-torture.exp ...
Running /sources/gcc-7.2.0/gcc/testsuite/gcc.target/epiphany/epiphany.exp ...
Running /sources/gcc-7.2.0/gcc/testsuite/gcc.target/frv/frv.exp ...
Running /sources/gcc-7.2.0/gcc/testsuite/gcc.target/h8300/h8300.exp ...
Running /sources/gcc-7.2.0/gcc/testsuite/gcc.target/hppa/hppa.exp ...
Running /sources/gcc-7.2.0/gcc/testsuite/gcc.target/i386/i386.exp ...
Running /sources/gcc-7.2.0/gcc/testsuite/gcc.target/i386/iamcu/abi-iamcu.exp ...
Running /sources/gcc-7.2.0/gcc/testsuite/gcc.target/i386/math-torture/math-torture.exp ...
Running /sources/gcc-7.2.0/gcc/testsuite/gcc.target/i386/mpx/mpx.exp ...
Running /sources/gcc-7.2.0/gcc/testsuite/gcc.target/i386/stackalign/stackalign.exp ...
Running /sources/gcc-7.2.0/gcc/testsuite/gcc.target/ia64/ia64.exp ...
Running /sources/gcc-7.2.0/gcc/testsuite/gcc.target/m68k/m68k.exp ...
Running /sources/gcc-7.2.0/gcc/testsuite/gcc.target/microblaze/microblaze.exp ...
Running /sources/gcc-7.2.0/gcc/testsuite/gcc.target/mips/inter/mips16-inter.exp ...
Running /sources/gcc-7.2.0/gcc/testsuite/gcc.target/mips/mips-nonpic/mips-nonpic.exp ...
Running /sources/gcc-7.2.0/gcc/testsuite/gcc.target/mips/mips.exp ...
Running /sources/gcc-7.2.0/gcc/testsuite/gcc.target/msp430/msp430.exp ...
Running /sources/gcc-7.2.0/gcc/testsuite/gcc.target/nds32/nds32.exp ...
Running /sources/gcc-7.2.0/gcc/testsuite/gcc.target/nios2/nios2.exp ...
Running /sources/gcc-7.2.0/gcc/testsuite/gcc.target/nvptx/nvptx.exp ...
Running /sources/gcc-7.2.0/gcc/testsuite/gcc.target/powerpc/bfp/bfp.exp ...
Running /sources/gcc-7.2.0/gcc/testsuite/gcc.target/powerpc/dfp/dfp.exp ...
Running /sources/gcc-7.2.0/gcc/testsuite/gcc.target/powerpc/powerpc.exp ...
Running /sources/gcc-7.2.0/gcc/testsuite/gcc.target/powerpc/ppc-fortran/ppc-fortran.exp ...
Running /sources/gcc-7.2.0/gcc/testsuite/gcc.target/powerpc/vsu/vsu.exp ...
Running /sources/gcc-7.2.0/gcc/testsuite/gcc.target/rl78/rl78.exp ...
Running /sources/gcc-7.2.0/gcc/testsuite/gcc.target/rx/rx.exp ...
Running /sources/gcc-7.2.0/gcc/testsuite/gcc.target/s390/s390.exp ...
Running /sources/gcc-7.2.0/gcc/testsuite/gcc.target/sh/sh.exp ...
Running /sources/gcc-7.2.0/gcc/testsuite/gcc.target/sh/torture/sh-torture.exp ...
Running /sources/gcc-7.2.0/gcc/testsuite/gcc.target/sparc/sparc.exp ...
Running /sources/gcc-7.2.0/gcc/testsuite/gcc.target/spu/ea/ea.exp ...
Running /sources/gcc-7.2.0/gcc/testsuite/gcc.target/spu/spu.exp ...
Running /sources/gcc-7.2.0/gcc/testsuite/gcc.target/tic6x/builtins/c6x-builtins.exp ...
Running /sources/gcc-7.2.0/gcc/testsuite/gcc.target/tic6x/tic6x.exp ...
Running /sources/gcc-7.2.0/gcc/testsuite/gcc.target/vax/vax.exp ...
Running /sources/gcc-7.2.0/gcc/testsuite/gcc.target/visium/visium.exp ...
Running /sources/gcc-7.2.0/gcc/testsuite/gcc.target/x86_64/abi/abi-x86_64.exp ...
Running /sources/gcc-7.2.0/gcc/testsuite/gcc.target/x86_64/abi/avx/abi-avx.exp ...
Running /sources/gcc-7.2.0/gcc/testsuite/gcc.target/x86_64/abi/avx512f/abi-avx512f.exp ...
Running /sources/gcc-7.2.0/gcc/testsuite/gcc.target/x86_64/abi/callabi/callabi.exp ...
Running /sources/gcc-7.2.0/gcc/testsuite/gcc.target/xstormy16/xstormy16.exp ...
Running /sources/gcc-7.2.0/gcc/testsuite/gcc.test-framework/test-framework.exp ...
skipping test framework tests, CHECK_TEST_FRAMEWORK is not defined

		=== gcc Summary ===

# of expected passes		128918
# of expected failures		366
# of unsupported tests		2082
/sources/gcc-7.2.0/build/gcc/xgcc  version 7.2.0 (GCC) 

make[3]: Leaving directory '/sources/gcc-7.2.0/build/gcc'
rm -rf testsuite/g++-parallel
make[3]: Entering directory '/sources/gcc-7.2.0/build/gcc'
(rootme=`${PWDCMD-pwd}`; export rootme; \
srcdir=`cd ../../gcc; ${PWDCMD-pwd}` ; export srcdir ; \
if [ -n "" ] \
   && [ -n "$GCC_RUNTEST_PARALLELIZE_DIR" ] \
   && [ -f testsuite/g++-parallel/finished ]; then \
  rm -rf testsuite/g++; \
else \
  cd testsuite/g++; \
  rm -f tmp-site.exp; \
  sed '/set tmpdir/ s|testsuite$|testsuite/g++|' \
	< ../../site.exp > tmp-site.exp; \
  /bin/sh ${srcdir}/../move-if-change tmp-site.exp site.exp; \
  EXPECT=`if [ -f ${rootme}/../expect/expect ] ; then echo ${rootme}/../expect/expect ; else echo expect ; fi` ; export EXPECT ; \
  if [ -f ${rootme}/../expect/expect ] ; then  \
    TCL_LIBRARY=`cd .. ; cd ${srcdir}/../tcl/library ; ${PWDCMD-pwd}` ; \
    export TCL_LIBRARY ; \
  fi ; \
  `if [ -f ${srcdir}/../dejagnu/runtest ] ; then echo ${srcdir}/../dejagnu/runtest ; else echo runtest; fi` --tool g++ ; \
  if [ -n "$GCC_RUNTEST_PARALLELIZE_DIR" ] ; then \
    touch ${rootme}/testsuite/g++-parallel/finished; \
  fi ; \
fi )
WARNING: Couldn't find the global config file.
Test run by root on Fri Jan 26 07:33:10 2018
Native configuration is x86_64-pc-linux-gnu

		=== g++ tests ===

Schedule of variations:
    unix

Running target unix
Using /tools/share/dejagnu/baseboards/unix.exp as board description file for target.
Using /tools/share/dejagnu/config/unix.exp as generic interface file for target.
Using /sources/gcc-7.2.0/gcc/testsuite/config/default.exp as tool-and-target-specific interface file.
Running /sources/gcc-7.2.0/gcc/testsuite/g++.dg/asan/asan.exp ...
Running /sources/gcc-7.2.0/gcc/testsuite/g++.dg/bprob/bprob.exp ...
Running /sources/gcc-7.2.0/gcc/testsuite/g++.dg/charset/charset.exp ...
Running /sources/gcc-7.2.0/gcc/testsuite/g++.dg/cilk-plus/cilk-plus.exp ...
Running /sources/gcc-7.2.0/gcc/testsuite/g++.dg/compat/compat.exp ...
Running /sources/gcc-7.2.0/gcc/testsuite/g++.dg/compat/struct-layout-1.exp ...
Running /sources/gcc-7.2.0/gcc/testsuite/g++.dg/debug/debug.exp ...
Running /sources/gcc-7.2.0/gcc/testsuite/g++.dg/debug/dwarf2/dwarf2.exp ...
Running /sources/gcc-7.2.0/gcc/testsuite/g++.dg/dfp/dfp.exp ...
Running /sources/gcc-7.2.0/gcc/testsuite/g++.dg/dg.exp ...
Running /sources/gcc-7.2.0/gcc/testsuite/g++.dg/gcov/gcov.exp ...
Running /sources/gcc-7.2.0/gcc/testsuite/g++.dg/goacc-gomp/goacc-gomp.exp ...
Running /sources/gcc-7.2.0/gcc/testsuite/g++.dg/goacc/goacc.exp ...
Running /sources/gcc-7.2.0/gcc/testsuite/g++.dg/gomp/gomp.exp ...
Running /sources/gcc-7.2.0/gcc/testsuite/g++.dg/graphite/graphite.exp ...
Running /sources/gcc-7.2.0/gcc/testsuite/g++.dg/guality/guality.exp ...
Running /sources/gcc-7.2.0/gcc/testsuite/g++.dg/lto/lto.exp ...
Running /sources/gcc-7.2.0/gcc/testsuite/g++.dg/pch/pch.exp ...
Running /sources/gcc-7.2.0/gcc/testsuite/g++.dg/plugin/plugin.exp ...
Running /sources/gcc-7.2.0/gcc/testsuite/g++.dg/simulate-thread/simulate-thread.exp ...
Running /sources/gcc-7.2.0/gcc/testsuite/g++.dg/special/ecos.exp ...
Running /sources/gcc-7.2.0/gcc/testsuite/g++.dg/tls/tls.exp ...
Running /sources/gcc-7.2.0/gcc/testsuite/g++.dg/tm/tm.exp ...
Running /sources/gcc-7.2.0/gcc/testsuite/g++.dg/torture/dg-torture.exp ...
Running /sources/gcc-7.2.0/gcc/testsuite/g++.dg/torture/stackalign/stackalign.exp ...
Running /sources/gcc-7.2.0/gcc/testsuite/g++.dg/tree-prof/tree-prof.exp ...
Running /sources/gcc-7.2.0/gcc/testsuite/g++.dg/tsan/tsan.exp ...
Running /sources/gcc-7.2.0/gcc/testsuite/g++.dg/ubsan/ubsan.exp ...
Running /sources/gcc-7.2.0/gcc/testsuite/g++.dg/vect/vect.exp ...
Running /sources/gcc-7.2.0/gcc/testsuite/g++.old-deja/old-deja.exp ...

		=== g++ Summary ===

# of expected passes		114354
# of expected failures		386
# of unsupported tests		4319
/sources/gcc-7.2.0/build/gcc/xg++  version 7.2.0 (GCC) 

make[3]: Leaving directory '/sources/gcc-7.2.0/build/gcc'
make[2]: Leaving directory '/sources/gcc-7.2.0/build/gcc'
make[2]: Entering directory '/sources/gcc-7.2.0/build/intl'
make[2]: Nothing to be done for 'check'.
make[2]: Leaving directory '/sources/gcc-7.2.0/build/intl'
make[2]: Entering directory '/sources/gcc-7.2.0/build/libbacktrace'
true  DO=all multi-do # make
make  btest stest
make[3]: Entering directory '/sources/gcc-7.2.0/build/libbacktrace'
gcc -DHAVE_CONFIG_H -I. -I../../libbacktrace  -I ../../libbacktrace/../include -I ../../libbacktrace/../libgcc -I ../libgcc  -funwind-tables -frandom-seed=btest-btest.o -W -Wall -Wwrite-strings -Wstrict-prototypes -Wmissing-prototypes -Wold-style-definition -Wmissing-format-attribute -Wcast-qual  -g -O -g -O2 -c -o btest-btest.o `test -f 'btest.c' || echo '../../libbacktrace/'`btest.c
/bin/sh ./libtool --tag=CC   --mode=link gcc -funwind-tables -frandom-seed=btest -W -Wall -Wwrite-strings -Wstrict-prototypes -Wmissing-prototypes -Wold-style-definition -Wmissing-format-attribute -Wcast-qual  -g -O -g -O2   -o btest btest-btest.o libbacktrace.la 
libtool: link: gcc -funwind-tables -frandom-seed=btest -W -Wall -Wwrite-strings -Wstrict-prototypes -Wmissing-prototypes -Wold-style-definition -Wmissing-format-attribute -Wcast-qual -g -O -g -O2 -o btest btest-btest.o  ./.libs/libbacktrace.a
gcc -DHAVE_CONFIG_H -I. -I../../libbacktrace  -I ../../libbacktrace/../include -I ../../libbacktrace/../libgcc -I ../libgcc  -funwind-tables -frandom-seed=stest.o -W -Wall -Wwrite-strings -Wstrict-prototypes -Wmissing-prototypes -Wold-style-definition -Wmissing-format-attribute -Wcast-qual  -g -O2 -c ../../libbacktrace/stest.c
/bin/sh ./libtool --tag=CC   --mode=link gcc -funwind-tables -frandom-seed=stest -W -Wall -Wwrite-strings -Wstrict-prototypes -Wmissing-prototypes -Wold-style-definition -Wmissing-format-attribute -Wcast-qual  -g -O2   -o stest stest.o libbacktrace.la 
libtool: link: gcc -funwind-tables -frandom-seed=stest -W -Wall -Wwrite-strings -Wstrict-prototypes -Wmissing-prototypes -Wold-style-definition -Wmissing-format-attribute -Wcast-qual -g -O2 -o stest stest.o  ./.libs/libbacktrace.a
make[3]: Leaving directory '/sources/gcc-7.2.0/build/libbacktrace'
make  check-TESTS
make[3]: Entering directory '/sources/gcc-7.2.0/build/libbacktrace'
PASS: backtrace_full noinline
PASS: backtrace_full inline
PASS: backtrace_simple noinline
PASS: backtrace_simple inline
PASS: backtrace_syminfo variable
PASS: btest
PASS: stest
==================
All 2 tests passed
==================
make[3]: Leaving directory '/sources/gcc-7.2.0/build/libbacktrace'
make[2]: Leaving directory '/sources/gcc-7.2.0/build/libbacktrace'
make[2]: Entering directory '/sources/gcc-7.2.0/build/libcpp'
make[2]: Nothing to be done for 'check'.
make[2]: Leaving directory '/sources/gcc-7.2.0/build/libcpp'
make[2]: Entering directory '/sources/gcc-7.2.0/build/libdecnumber'
make[2]: Nothing to be done for 'check'.
make[2]: Leaving directory '/sources/gcc-7.2.0/build/libdecnumber'
make[2]: Entering directory '/sources/gcc-7.2.0/build/libiberty'
make[3]: Entering directory '/sources/gcc-7.2.0/build/libiberty/testsuite'
gcc -DHAVE_CONFIG_H -g -O2  -I.. -I../../../libiberty/testsuite/../../include  -o test-demangle \
	../../../libiberty/testsuite/test-demangle.c ../libiberty.a
./test-demangle < ../../../libiberty/testsuite/demangle-expected
./test-demangle: 986 tests, 0 failures
./test-demangle < ../../../libiberty/testsuite/d-demangle-expected
./test-demangle: 269 tests, 0 failures
./test-demangle < ../../../libiberty/testsuite/rust-demangle-expected
./test-demangle: 36 tests, 0 failures
gcc -DHAVE_CONFIG_H -g -O2  -I.. -I../../../libiberty/testsuite/../../include  -DHAVE_CONFIG_H -I.. -o test-pexecute \
	../../../libiberty/testsuite/test-pexecute.c ../libiberty.a
./test-pexecute
gcc -DHAVE_CONFIG_H -g -O2  -I.. -I../../../libiberty/testsuite/../../include  -DHAVE_CONFIG_H -I.. -o test-expandargv \
	../../../libiberty/testsuite/test-expandargv.c ../libiberty.a
./test-expandargv
PASS: test-expandargv-0.
PASS: test-expandargv-1.
PASS: test-expandargv-2.
PASS: test-expandargv-3.
PASS: test-expandargv-4.
PASS: test-expandargv-5.
PASS: test-expandargv-6.
gcc -DHAVE_CONFIG_H -g -O2  -I.. -I../../../libiberty/testsuite/../../include  -DHAVE_CONFIG_H -I.. -o test-strtol \
	../../../libiberty/testsuite/test-strtol.c ../libiberty.a
./test-strtol
PASS: test-strtol-0.
PASS: test-strtol-1.
PASS: test-strtol-2.
PASS: test-strtol-3.
PASS: test-strtol-4.
PASS: test-strtol-5.
PASS: test-strtol-6.
PASS: test-strtol-7.
PASS: test-strtol-8.
PASS: test-strtol-9.
PASS: test-strtol-10.
PASS: test-strtol-11.
PASS: test-strtol-12.
PASS: test-strtol-13.
PASS: test-strtol-14.
PASS: test-strtol-15.
PASS: test-strtol-16.
PASS: test-strtol-17.
PASS: test-strtol-18.
PASS: test-strtol-19.
PASS: test-strtol-20.
make[3]: Leaving directory '/sources/gcc-7.2.0/build/libiberty/testsuite'
make[2]: Leaving directory '/sources/gcc-7.2.0/build/libiberty'
make[2]: Entering directory '/sources/gcc-7.2.0/build/lto-plugin'
make[2]: Leaving directory '/sources/gcc-7.2.0/build/lto-plugin'
make[2]: Entering directory '/sources/gcc-7.2.0/build/libcc1'
make  check-am
make[3]: Entering directory '/sources/gcc-7.2.0/build/libcc1'
make[3]: Leaving directory '/sources/gcc-7.2.0/build/libcc1'
make[2]: Leaving directory '/sources/gcc-7.2.0/build/libcc1'
make[1]: Target 'check-host' not remade because of errors.
make[2]: Entering directory '/sources/gcc-7.2.0/build/x86_64-pc-linux-gnu/libstdc++-v3'
Making check in include
make[3]: Entering directory '/sources/gcc-7.2.0/build/x86_64-pc-linux-gnu/libstdc++-v3/include'
make[3]: Nothing to be done for 'check'.
make[3]: Leaving directory '/sources/gcc-7.2.0/build/x86_64-pc-linux-gnu/libstdc++-v3/include'
Making check in libsupc++
make[3]: Entering directory '/sources/gcc-7.2.0/build/x86_64-pc-linux-gnu/libstdc++-v3/libsupc++'
make[3]: Nothing to be done for 'check'.
make[3]: Leaving directory '/sources/gcc-7.2.0/build/x86_64-pc-linux-gnu/libstdc++-v3/libsupc++'
Making check in src
make[3]: Entering directory '/sources/gcc-7.2.0/build/x86_64-pc-linux-gnu/libstdc++-v3/src'
Making check in c++98
make[4]: Entering directory '/sources/gcc-7.2.0/build/x86_64-pc-linux-gnu/libstdc++-v3/src/c++98'
make[4]: Nothing to be done for 'check'.
make[4]: Leaving directory '/sources/gcc-7.2.0/build/x86_64-pc-linux-gnu/libstdc++-v3/src/c++98'
Making check in c++11
make[4]: Entering directory '/sources/gcc-7.2.0/build/x86_64-pc-linux-gnu/libstdc++-v3/src/c++11'
make[4]: Nothing to be done for 'check'.
make[4]: Leaving directory '/sources/gcc-7.2.0/build/x86_64-pc-linux-gnu/libstdc++-v3/src/c++11'
Making check in filesystem
make[4]: Entering directory '/sources/gcc-7.2.0/build/x86_64-pc-linux-gnu/libstdc++-v3/src/filesystem'
make[4]: Nothing to be done for 'check'.
make[4]: Leaving directory '/sources/gcc-7.2.0/build/x86_64-pc-linux-gnu/libstdc++-v3/src/filesystem'
make[4]: Entering directory '/sources/gcc-7.2.0/build/x86_64-pc-linux-gnu/libstdc++-v3/src'
make[4]: Nothing to be done for 'check-am'.
make[4]: Leaving directory '/sources/gcc-7.2.0/build/x86_64-pc-linux-gnu/libstdc++-v3/src'
make[3]: Leaving directory '/sources/gcc-7.2.0/build/x86_64-pc-linux-gnu/libstdc++-v3/src'
Making check in doc
make[3]: Entering directory '/sources/gcc-7.2.0/build/x86_64-pc-linux-gnu/libstdc++-v3/doc'
make[3]: Nothing to be done for 'check'.
make[3]: Leaving directory '/sources/gcc-7.2.0/build/x86_64-pc-linux-gnu/libstdc++-v3/doc'
Making check in po
make[3]: Entering directory '/sources/gcc-7.2.0/build/x86_64-pc-linux-gnu/libstdc++-v3/po'
/bin/sh /sources/gcc-7.2.0/libstdc++-v3/../mkinstalldirs /sources/gcc-7.2.0/build/x86_64-pc-linux-gnu/libstdc++-v3/po/share/locale
mkdir -p -- /sources/gcc-7.2.0/build/x86_64-pc-linux-gnu/libstdc++-v3/po/share/locale
catalogs='de.mo fr.mo'; \
for cat in $catalogs; do \
  cat=`basename $cat`; \
  lang=`echo $cat | sed 's/\.mo$//'`; \
  install_dir=/sources/gcc-7.2.0/build/x86_64-pc-linux-gnu/libstdc++-v3/po/share/locale/$lang/LC_MESSAGES; \
  /bin/sh /sources/gcc-7.2.0/libstdc++-v3/../mkinstalldirs $install_dir; \
  /usr/bin/install -c -m 644 $cat $install_dir/libstdc++.mo; \
done
mkdir -p -- /sources/gcc-7.2.0/build/x86_64-pc-linux-gnu/libstdc++-v3/po/share/locale/de/LC_MESSAGES
mkdir -p -- /sources/gcc-7.2.0/build/x86_64-pc-linux-gnu/libstdc++-v3/po/share/locale/fr/LC_MESSAGES
make[3]: Leaving directory '/sources/gcc-7.2.0/build/x86_64-pc-linux-gnu/libstdc++-v3/po'
Making check in testsuite
make[3]: Entering directory '/sources/gcc-7.2.0/build/x86_64-pc-linux-gnu/libstdc++-v3/testsuite'
make  check-DEJAGNU
make[4]: Entering directory '/sources/gcc-7.2.0/build/x86_64-pc-linux-gnu/libstdc++-v3/testsuite'
Making a new site.exp file...
AR="ar"; export AR; \
RANLIB="ranlib"; export RANLIB; \
if [ -z "" ] && [ -n "" ]; then \
  rm -rf normal-parallel || true; \
  mkdir normal-parallel; \
  make  check-DEJAGNUnormal1 check-DEJAGNUnormal2 check-DEJAGNUnormal3 check-DEJAGNUnormal4 check-DEJAGNUnormal5 check-DEJAGNUnormal6 check-DEJAGNUnormal7 check-DEJAGNUnormal8 check-DEJAGNUnormal9 check-DEJAGNUnormal10 check-DEJAGNUnormal11 check-DEJAGNUnormal12 check-DEJAGNUnormal13 check-DEJAGNUnormal14 check-DEJAGNUnormal15 check-DEJAGNUnormal16 check-DEJAGNUnormal17 check-DEJAGNUnormal18 check-DEJAGNUnormal19 check-DEJAGNUnormal20 check-DEJAGNUnormal21 check-DEJAGNUnormal22 check-DEJAGNUnormal23 check-DEJAGNUnormal24 check-DEJAGNUnormal25 check-DEJAGNUnormal26 check-DEJAGNUnormal27 check-DEJAGNUnormal28 check-DEJAGNUnormal29 check-DEJAGNUnormal30 check-DEJAGNUnormal31 check-DEJAGNUnormal32 check-DEJAGNUnormal33 check-DEJAGNUnormal34 check-DEJAGNUnormal35 check-DEJAGNUnormal36 check-DEJAGNUnormal37 check-DEJAGNUnormal38 check-DEJAGNUnormal39 check-DEJAGNUnormal40 check-DEJAGNUnormal41 check-DEJAGNUnormal42 check-DEJAGNUnormal43 check-DEJAGNUnormal44 check-DEJAGNUnormal45 check-DEJAGNUnormal46 check-DEJAGNUnormal47 check-DEJAGNUnormal48 check-DEJAGNUnormal49 check-DEJAGNUnormal50 check-DEJAGNUnormal51 check-DEJAGNUnormal52 check-DEJAGNUnormal53 check-DEJAGNUnormal54 check-DEJAGNUnormal55 check-DEJAGNUnormal56 check-DEJAGNUnormal57 check-DEJAGNUnormal58 check-DEJAGNUnormal59 check-DEJAGNUnormal60 check-DEJAGNUnormal61 check-DEJAGNUnormal62 check-DEJAGNUnormal63 check-DEJAGNUnormal64 check-DEJAGNUnormal65 check-DEJAGNUnormal66 check-DEJAGNUnormal67 check-DEJAGNUnormal68 check-DEJAGNUnormal69 check-DEJAGNUnormal70 check-DEJAGNUnormal71 check-DEJAGNUnormal72 check-DEJAGNUnormal73 check-DEJAGNUnormal74 check-DEJAGNUnormal75 check-DEJAGNUnormal76 check-DEJAGNUnormal77 check-DEJAGNUnormal78 check-DEJAGNUnormal79 check-DEJAGNUnormal80 check-DEJAGNUnormal81 check-DEJAGNUnormal82 check-DEJAGNUnormal83 check-DEJAGNUnormal84 check-DEJAGNUnormal85 check-DEJAGNUnormal86 check-DEJAGNUnormal87 check-DEJAGNUnormal88 check-DEJAGNUnormal89 check-DEJAGNUnormal90 check-DEJAGNUnormal91 check-DEJAGNUnormal92 check-DEJAGNUnormal93 check-DEJAGNUnormal94 check-DEJAGNUnormal95 check-DEJAGNUnormal96 check-DEJAGNUnormal97 check-DEJAGNUnormal98 check-DEJAGNUnormal99 check-DEJAGNUnormal100 check-DEJAGNUnormal101 check-DEJAGNUnormal102 check-DEJAGNUnormal103 check-DEJAGNUnormal104 check-DEJAGNUnormal105 check-DEJAGNUnormal106 check-DEJAGNUnormal107 check-DEJAGNUnormal108 check-DEJAGNUnormal109 check-DEJAGNUnormal110 check-DEJAGNUnormal111 check-DEJAGNUnormal112 check-DEJAGNUnormal113 check-DEJAGNUnormal114 check-DEJAGNUnormal115 check-DEJAGNUnormal116 check-DEJAGNUnormal117 check-DEJAGNUnormal118 check-DEJAGNUnormal119 check-DEJAGNUnormal120 check-DEJAGNUnormal121 check-DEJAGNUnormal122 check-DEJAGNUnormal123 check-DEJAGNUnormal124 check-DEJAGNUnormal125 check-DEJAGNUnormal126 check-DEJAGNUnormal127 check-DEJAGNUnormal128; \
  rm -rf normal-parallel || true; \
  for idx in 1 2 3 4 5 6 7 8 9 10 11 12 13 14 15 16 17 18 19 20 21 22 23 24 25 26 27 28 29 30 31 32 33 34 35 36 37 38 39 40 41 42 43 44 45 46 47 48 49 50 51 52 53 54 55 56 57 58 59 60 61 62 63 64 65 66 67 68 69 70 71 72 73 74 75 76 77 78 79 80 81 82 83 84 85 86 87 88 89 90 91 92 93 94 95 96 97 98 99 100 101 102 103 104 105 106 107 108 109 110 111 112 113 114 115 116 117 118 119 120 121 122 123 124 125 126 127 128; do \
    if [ -d normal$idx ]; then \
      mv -f normal$idx/libstdc++.sum normal$idx/libstdc++.sum.sep; \
      mv -f normal$idx/libstdc++.log normal$idx/libstdc++.log.sep; \
    fi; \
  done; \
  /bin/sh ../../../../libstdc++-v3/testsuite/../../contrib/dg-extract-results.sh \
    normal[0-9]*/libstdc++.sum.sep > libstdc++.sum; \
  /bin/sh ../../../../libstdc++-v3/testsuite/../../contrib/dg-extract-results.sh -L \
    normal[0-9]*/libstdc++.log.sep > libstdc++.log; \
  exit 0; \
fi; \
srcdir=`CDPATH="${ZSH_VERSION+.}:" && cd ../../../../libstdc++-v3/testsuite && pwd`; export srcdir; \
EXPECT=expect; export EXPECT; \
runtest=runtest; \
if [ -z "$runtest" ]; then runtest=runtest; fi; \
tool=libstdc++; \
if [ -n "" ]; then \
  if [ -f normal-parallel/finished ]; then rm -rf ""; exit 0; fi; \
  GCC_RUNTEST_PARALLELIZE_DIR=`${PWDCMD-pwd}`/normal-parallel; \
  export GCC_RUNTEST_PARALLELIZE_DIR; \
  cd ""; \
fi; \
if /bin/sh -c "$runtest --version" > /dev/null 2>&1; then \
  $runtest  --tool $tool --srcdir $srcdir \
	    ; \
  if [ -n "" ]; then \
    touch $GCC_RUNTEST_PARALLELIZE_DIR/finished; \
  fi; \
else \
  echo "WARNING: could not find \`runtest'" 1>&2; :;\
fi
WARNING: Couldn't find the global config file.
Test run by root on Fri Jan 26 08:10:52 2018
Native configuration is x86_64-pc-linux-gnu

		=== libstdc++ tests ===

Schedule of variations:
    unix

Running target unix
Using /tools/share/dejagnu/baseboards/unix.exp as board description file for target.
Using /tools/share/dejagnu/config/unix.exp as generic interface file for target.
Using /sources/gcc-7.2.0/libstdc++-v3/testsuite/config/default.exp as tool-and-target-specific interface file.
Running /sources/gcc-7.2.0/libstdc++-v3/testsuite/libstdc++-abi/abi.exp ...
Running /sources/gcc-7.2.0/libstdc++-v3/testsuite/libstdc++-dg/conformance.exp ...
FAIL: experimental/filesystem/iterators/directory_iterator.cc execution test
FAIL: experimental/filesystem/iterators/recursive_directory_iterator.cc execution test
FAIL: experimental/filesystem/operations/exists.cc execution test
FAIL: experimental/filesystem/operations/is_empty.cc execution test
FAIL: experimental/filesystem/operations/temp_directory_path.cc execution test
Running /sources/gcc-7.2.0/libstdc++-v3/testsuite/libstdc++-prettyprinters/prettyprinters.exp ...
Running /sources/gcc-7.2.0/libstdc++-v3/testsuite/libstdc++-xmethods/xmethods.exp ...

		=== libstdc++ Summary ===

# of expected passes		11782
# of unexpected failures	5
# of expected failures		66
# of unsupported tests		250
make[4]: Leaving directory '/sources/gcc-7.2.0/build/x86_64-pc-linux-gnu/libstdc++-v3/testsuite'
make[3]: Leaving directory '/sources/gcc-7.2.0/build/x86_64-pc-linux-gnu/libstdc++-v3/testsuite'
Making check in python
make[3]: Entering directory '/sources/gcc-7.2.0/build/x86_64-pc-linux-gnu/libstdc++-v3/python'
make[3]: Nothing to be done for 'check'.
make[3]: Leaving directory '/sources/gcc-7.2.0/build/x86_64-pc-linux-gnu/libstdc++-v3/python'
make[3]: Entering directory '/sources/gcc-7.2.0/build/x86_64-pc-linux-gnu/libstdc++-v3'
true "AR_FLAGS=rc" "CC_FOR_BUILD=gcc" "CC_FOR_TARGET=/sources/gcc-7.2.0/build/./gcc/xgcc -B/sources/gcc-7.2.0/build/./gcc/" "CFLAGS=-g -O2" "CXXFLAGS=-g -O2 -D_GNU_SOURCE" "CFLAGS_FOR_BUILD=-g -O2" "CFLAGS_FOR_TARGET=-g -O2" "INSTALL=/usr/bin/install -c" "INSTALL_DATA=/usr/bin/install -c -m 644" "INSTALL_PROGRAM=/usr/bin/install -c" "INSTALL_SCRIPT=/usr/bin/install -c" "LDFLAGS=" "LIBCFLAGS=-g -O2" "LIBCFLAGS_FOR_TARGET=-g -O2" "MAKE=make" "MAKEINFO=makeinfo --split-size=5000000 --split-size=5000000  " "SHELL=/bin/sh" "RUNTESTFLAGS=" "exec_prefix=/usr" "infodir=/usr/share/info" "libdir=/usr/lib" "includedir=/usr/include" "prefix=/usr" "tooldir=/usr/x86_64-pc-linux-gnu" "gxx_include_dir=/usr/include/c++/7.2.0" "AR=ar" "AS=/sources/gcc-7.2.0/build/./gcc/as" "LD=/sources/gcc-7.2.0/build/./gcc/collect-ld" "RANLIB=ranlib" "NM=/sources/gcc-7.2.0/build/./gcc/nm" "NM_FOR_BUILD=" "NM_FOR_TARGET=nm" "DESTDIR=" "WERROR=" DO=all multi-do # make
make[3]: Leaving directory '/sources/gcc-7.2.0/build/x86_64-pc-linux-gnu/libstdc++-v3'
make[2]: Leaving directory '/sources/gcc-7.2.0/build/x86_64-pc-linux-gnu/libstdc++-v3'
make[2]: Entering directory '/sources/gcc-7.2.0/build/x86_64-pc-linux-gnu/libsanitizer'
Making check in sanitizer_common
make[3]: Entering directory '/sources/gcc-7.2.0/build/x86_64-pc-linux-gnu/libsanitizer/sanitizer_common'
make[3]: Nothing to be done for 'check'.
make[3]: Leaving directory '/sources/gcc-7.2.0/build/x86_64-pc-linux-gnu/libsanitizer/sanitizer_common'
Making check in interception
make[3]: Entering directory '/sources/gcc-7.2.0/build/x86_64-pc-linux-gnu/libsanitizer/interception'
make[3]: Nothing to be done for 'check'.
make[3]: Leaving directory '/sources/gcc-7.2.0/build/x86_64-pc-linux-gnu/libsanitizer/interception'
Making check in libbacktrace
make[3]: Entering directory '/sources/gcc-7.2.0/build/x86_64-pc-linux-gnu/libsanitizer/libbacktrace'
make[3]: Nothing to be done for 'check'.
make[3]: Leaving directory '/sources/gcc-7.2.0/build/x86_64-pc-linux-gnu/libsanitizer/libbacktrace'
Making check in lsan
make[3]: Entering directory '/sources/gcc-7.2.0/build/x86_64-pc-linux-gnu/libsanitizer/lsan'
make[3]: Nothing to be done for 'check'.
make[3]: Leaving directory '/sources/gcc-7.2.0/build/x86_64-pc-linux-gnu/libsanitizer/lsan'
Making check in asan
make[3]: Entering directory '/sources/gcc-7.2.0/build/x86_64-pc-linux-gnu/libsanitizer/asan'
make[3]: Nothing to be done for 'check'.
make[3]: Leaving directory '/sources/gcc-7.2.0/build/x86_64-pc-linux-gnu/libsanitizer/asan'
Making check in ubsan
make[3]: Entering directory '/sources/gcc-7.2.0/build/x86_64-pc-linux-gnu/libsanitizer/ubsan'
make[3]: Nothing to be done for 'check'.
make[3]: Leaving directory '/sources/gcc-7.2.0/build/x86_64-pc-linux-gnu/libsanitizer/ubsan'
Making check in tsan
make[3]: Entering directory '/sources/gcc-7.2.0/build/x86_64-pc-linux-gnu/libsanitizer/tsan'
make[3]: Nothing to be done for 'check'.
make[3]: Leaving directory '/sources/gcc-7.2.0/build/x86_64-pc-linux-gnu/libsanitizer/tsan'
make[3]: Entering directory '/sources/gcc-7.2.0/build/x86_64-pc-linux-gnu/libsanitizer'
true "AR_FLAGS=rc" "CC_FOR_BUILD=gcc" "CFLAGS=-g -O2" "CXXFLAGS=-g -O2 -D_GNU_SOURCE" "CFLAGS_FOR_BUILD=-g -O2" "CFLAGS_FOR_TARGET=-g -O2" "INSTALL=/usr/bin/install -c" "INSTALL_DATA=/usr/bin/install -c -m 644" "INSTALL_PROGRAM=/usr/bin/install -c" "INSTALL_SCRIPT=/usr/bin/install -c" "JC1FLAGS=" "LDFLAGS=" "LIBCFLAGS=-g -O2" "LIBCFLAGS_FOR_TARGET=-g -O2" "MAKE=make" "MAKEINFO=makeinfo --split-size=5000000 --split-size=5000000  " "PICFLAG=" "PICFLAG_FOR_TARGET=" "SHELL=/bin/sh" "RUNTESTFLAGS=" "exec_prefix=/usr" "infodir=/usr/share/info" "libdir=/usr/lib" "prefix=/usr" "includedir=/usr/include" "AR=ar" "AS=/sources/gcc-7.2.0/build/./gcc/as" "LD=/sources/gcc-7.2.0/build/./gcc/collect-ld" "LIBCFLAGS=-g -O2" "NM=/sources/gcc-7.2.0/build/./gcc/nm" "PICFLAG=" "RANLIB=ranlib" "DESTDIR=" DO=all multi-do # make
make[3]: Leaving directory '/sources/gcc-7.2.0/build/x86_64-pc-linux-gnu/libsanitizer'
make[2]: Leaving directory '/sources/gcc-7.2.0/build/x86_64-pc-linux-gnu/libsanitizer'
make[2]: Entering directory '/sources/gcc-7.2.0/build/x86_64-pc-linux-gnu/libmpx'
Making check in mpxrt
make[3]: Entering directory '/sources/gcc-7.2.0/build/x86_64-pc-linux-gnu/libmpx/mpxrt'
make[3]: Nothing to be done for 'check'.
make[3]: Leaving directory '/sources/gcc-7.2.0/build/x86_64-pc-linux-gnu/libmpx/mpxrt'
Making check in mpxwrap
make[3]: Entering directory '/sources/gcc-7.2.0/build/x86_64-pc-linux-gnu/libmpx/mpxwrap'
make[3]: Nothing to be done for 'check'.
make[3]: Leaving directory '/sources/gcc-7.2.0/build/x86_64-pc-linux-gnu/libmpx/mpxwrap'
make[3]: Entering directory '/sources/gcc-7.2.0/build/x86_64-pc-linux-gnu/libmpx'
true "AR_FLAGS=rc" "CC_FOR_BUILD=gcc" "CFLAGS=-g -O2" "CXXFLAGS=-g -O2 -D_GNU_SOURCE" "CFLAGS_FOR_BUILD=-g -O2" "CFLAGS_FOR_TARGET=-g -O2" "INSTALL=/usr/bin/install -c" "INSTALL_DATA=/usr/bin/install -c -m 644" "INSTALL_PROGRAM=/usr/bin/install -c" "INSTALL_SCRIPT=/usr/bin/install -c" "JC1FLAGS=" "LDFLAGS=" "LIBCFLAGS=-g -O2" "LIBCFLAGS_FOR_TARGET=-g -O2" "MAKE=make" "MAKEINFO=makeinfo --split-size=5000000 --split-size=5000000  " "PICFLAG=" "PICFLAG_FOR_TARGET=" "SHELL=/bin/sh" "RUNTESTFLAGS=" "exec_prefix=/usr" "infodir=/usr/share/info" "libdir=/usr/lib" "prefix=/usr" "includedir=/usr/include" "AR=ar" "AS=/sources/gcc-7.2.0/build/./gcc/as" "LD=/sources/gcc-7.2.0/build/./gcc/collect-ld" "LIBCFLAGS=-g -O2" "NM=/sources/gcc-7.2.0/build/./gcc/nm" "PICFLAG=" "RANLIB=ranlib" "DESTDIR=" DO=all multi-do # make
make[3]: Leaving directory '/sources/gcc-7.2.0/build/x86_64-pc-linux-gnu/libmpx'
make[2]: Leaving directory '/sources/gcc-7.2.0/build/x86_64-pc-linux-gnu/libmpx'
make[2]: Entering directory '/sources/gcc-7.2.0/build/x86_64-pc-linux-gnu/libvtv'
make  check-recursive
make[3]: Entering directory '/sources/gcc-7.2.0/build/x86_64-pc-linux-gnu/libvtv'
make[4]: Entering directory '/sources/gcc-7.2.0/build/x86_64-pc-linux-gnu/libvtv'
true  DO=all multi-do # make
make[4]: Leaving directory '/sources/gcc-7.2.0/build/x86_64-pc-linux-gnu/libvtv'
make[3]: Leaving directory '/sources/gcc-7.2.0/build/x86_64-pc-linux-gnu/libvtv'
make[2]: Leaving directory '/sources/gcc-7.2.0/build/x86_64-pc-linux-gnu/libvtv'
make[2]: Entering directory '/sources/gcc-7.2.0/build/x86_64-pc-linux-gnu/libcilkrts'
true "AR_FLAGS=rc" "CC_FOR_BUILD=gcc" "CFLAGS=-g -O2" "CXXFLAGS=-g -O2 -D_GNU_SOURCE" "CFLAGS_FOR_BUILD=-g -O2" "CFLAGS_FOR_TARGET=-g -O2" "INSTALL=/usr/bin/install -c" "INSTALL_DATA=/usr/bin/install -c -m 644" "INSTALL_PROGRAM=/usr/bin/install -c" "INSTALL_SCRIPT=/usr/bin/install -c" "JC1FLAGS=" "LDFLAGS=" "LIBCFLAGS=-g -O2" "LIBCFLAGS_FOR_TARGET=-g -O2" "MAKE=make" "MAKEINFO=makeinfo --split-size=5000000 --split-size=5000000 " "PICFLAG=" "PICFLAG_FOR_TARGET=" "SHELL=/bin/sh" "RUNTESTFLAGS=" "exec_prefix=/usr" "infodir=/usr/share/info" "libdir=/usr/lib" "prefix=/usr" "includedir=/usr/include" "AR=ar" "AS=/sources/gcc-7.2.0/build/./gcc/as" "LD=/sources/gcc-7.2.0/build/./gcc/collect-ld" "LIBCFLAGS=-g -O2" "NM=/sources/gcc-7.2.0/build/./gcc/nm" "PICFLAG=" "RANLIB=ranlib" "DESTDIR=" DO=all multi-do # make
make[2]: Leaving directory '/sources/gcc-7.2.0/build/x86_64-pc-linux-gnu/libcilkrts'
make[2]: Entering directory '/sources/gcc-7.2.0/build/x86_64-pc-linux-gnu/libssp'
true "AR_FLAGS=rc" "CC_FOR_BUILD=gcc" "CFLAGS=-g -O2" "CXXFLAGS=-g -O2 -D_GNU_SOURCE" "CFLAGS_FOR_BUILD=-g -O2" "CFLAGS_FOR_TARGET=-g -O2" "INSTALL=/usr/bin/install -c" "INSTALL_DATA=/usr/bin/install -c -m 644" "INSTALL_PROGRAM=/usr/bin/install -c" "INSTALL_SCRIPT=/usr/bin/install -c" "JC1FLAGS=" "LDFLAGS=" "LIBCFLAGS=-g -O2" "LIBCFLAGS_FOR_TARGET=-g -O2" "MAKE=make" "MAKEINFO=makeinfo --split-size=5000000 --split-size=5000000 " "PICFLAG=" "PICFLAG_FOR_TARGET=" "SHELL=/bin/sh" "RUNTESTFLAGS=" "exec_prefix=/usr" "infodir=/usr/share/info" "libdir=/usr/lib" "prefix=/usr" "includedir=/usr/include" "AR=ar" "AS=/sources/gcc-7.2.0/build/./gcc/as" "CC=/sources/gcc-7.2.0/build/./gcc/xgcc -B/sources/gcc-7.2.0/build/./gcc/ -B/usr/x86_64-pc-linux-gnu/bin/ -B/usr/x86_64-pc-linux-gnu/lib/ -isystem /usr/x86_64-pc-linux-gnu/include -isystem /usr/x86_64-pc-linux-gnu/sys-include   " "CXX=/sources/gcc-7.2.0/build/./gcc/xg++ -B/sources/gcc-7.2.0/build/./gcc/ -nostdinc++ -nostdinc++ -I/sources/gcc-7.2.0/build/x86_64-pc-linux-gnu/libstdc++-v3/include/x86_64-pc-linux-gnu -I/sources/gcc-7.2.0/build/x86_64-pc-linux-gnu/libstdc++-v3/include -I/sources/gcc-7.2.0/libstdc++-v3/libsupc++ -I/sources/gcc-7.2.0/libstdc++-v3/include/backward -I/sources/gcc-7.2.0/libstdc++-v3/testsuite/util -L/sources/gcc-7.2.0/build/x86_64-pc-linux-gnu/libstdc++-v3/src -L/sources/gcc-7.2.0/build/x86_64-pc-linux-gnu/libstdc++-v3/src/.libs -L/sources/gcc-7.2.0/build/x86_64-pc-linux-gnu/libstdc++-v3/libsupc++/.libs -B/sources/gcc-7.2.0/build/x86_64-pc-linux-gnu/libstdc++-v3/src/.libs -B/sources/gcc-7.2.0/build/x86_64-pc-linux-gnu/libstdc++-v3/libsupc++/.libs -B/usr/x86_64-pc-linux-gnu/bin/ -B/usr/x86_64-pc-linux-gnu/lib/ -isystem /usr/x86_64-pc-linux-gnu/include -isystem /usr/x86_64-pc-linux-gnu/sys-include   " "LD=/sources/gcc-7.2.0/build/./gcc/collect-ld" "LIBCFLAGS=-g -O2" "NM=/sources/gcc-7.2.0/build/./gcc/nm" "PICFLAG=" "RANLIB=ranlib" "DESTDIR=" DO=all multi-do # make
make[2]: Leaving directory '/sources/gcc-7.2.0/build/x86_64-pc-linux-gnu/libssp'
make[2]: Entering directory '/sources/gcc-7.2.0/build/x86_64-pc-linux-gnu/libquadmath'
true "AR_FLAGS=rc" "CC_FOR_BUILD=gcc" "CFLAGS=-g -O2" "CXXFLAGS=-g -O2 -D_GNU_SOURCE" "CFLAGS_FOR_BUILD=-g -O2" "CFLAGS_FOR_TARGET=-g -O2" "INSTALL=/usr/bin/install -c" "INSTALL_DATA=/usr/bin/install -c -m 644" "INSTALL_PROGRAM=/usr/bin/install -c" "INSTALL_SCRIPT=/usr/bin/install -c" "JC1FLAGS=" "LDFLAGS=" "LIBCFLAGS=-g -O2" "LIBCFLAGS_FOR_TARGET=-g -O2" "MAKE=make" "MAKEINFO=makeinfo --split-size=5000000 --split-size=5000000 -I ../../../libquadmath/../gcc/doc/include" "PICFLAG=" "PICFLAG_FOR_TARGET=" "SHELL=/bin/sh" "RUNTESTFLAGS=" "exec_prefix=/usr" "infodir=/usr/share/info" "libdir=/usr/lib" "prefix=/usr" "includedir=/usr/include" "AR=ar" "AS=/sources/gcc-7.2.0/build/./gcc/as" "CC=/sources/gcc-7.2.0/build/./gcc/xgcc -B/sources/gcc-7.2.0/build/./gcc/ -B/usr/x86_64-pc-linux-gnu/bin/ -B/usr/x86_64-pc-linux-gnu/lib/ -isystem /usr/x86_64-pc-linux-gnu/include -isystem /usr/x86_64-pc-linux-gnu/sys-include   " "CXX=/sources/gcc-7.2.0/build/./gcc/xg++ -B/sources/gcc-7.2.0/build/./gcc/ -nostdinc++ -nostdinc++ -I/sources/gcc-7.2.0/build/x86_64-pc-linux-gnu/libstdc++-v3/include/x86_64-pc-linux-gnu -I/sources/gcc-7.2.0/build/x86_64-pc-linux-gnu/libstdc++-v3/include -I/sources/gcc-7.2.0/libstdc++-v3/libsupc++ -I/sources/gcc-7.2.0/libstdc++-v3/include/backward -I/sources/gcc-7.2.0/libstdc++-v3/testsuite/util -L/sources/gcc-7.2.0/build/x86_64-pc-linux-gnu/libstdc++-v3/src -L/sources/gcc-7.2.0/build/x86_64-pc-linux-gnu/libstdc++-v3/src/.libs -L/sources/gcc-7.2.0/build/x86_64-pc-linux-gnu/libstdc++-v3/libsupc++/.libs -B/sources/gcc-7.2.0/build/x86_64-pc-linux-gnu/libstdc++-v3/src/.libs -B/sources/gcc-7.2.0/build/x86_64-pc-linux-gnu/libstdc++-v3/libsupc++/.libs -B/usr/x86_64-pc-linux-gnu/bin/ -B/usr/x86_64-pc-linux-gnu/lib/ -isystem /usr/x86_64-pc-linux-gnu/include -isystem /usr/x86_64-pc-linux-gnu/sys-include   " "LD=/sources/gcc-7.2.0/build/./gcc/collect-ld" "LIBCFLAGS=-g -O2" "NM=/sources/gcc-7.2.0/build/./gcc/nm" "PICFLAG=" "RANLIB=ranlib" "DESTDIR=" DO=all multi-do # make
make[2]: Leaving directory '/sources/gcc-7.2.0/build/x86_64-pc-linux-gnu/libquadmath'
make[2]: Entering directory '/sources/gcc-7.2.0/build/x86_64-pc-linux-gnu/libgomp'
Making check in testsuite
make[3]: Entering directory '/sources/gcc-7.2.0/build/x86_64-pc-linux-gnu/libgomp/testsuite'
make  check-DEJAGNU
make[4]: Entering directory '/sources/gcc-7.2.0/build/x86_64-pc-linux-gnu/libgomp/testsuite'
Making a new site.exp file...
srcdir='../../../../libgomp/testsuite'; export srcdir; \
EXPECT=expect; export EXPECT; \
runtest=runtest; \
if /bin/sh -c "$runtest --version" > /dev/null 2>&1; then \
  exit_status=0; l='libgomp'; for tool in $l; do \
    if $runtest  --tool $tool --srcdir $srcdir ; \
    then :; else exit_status=1; fi; \
  done; \
else echo "WARNING: could not find \`runtest'" 1>&2; :;\
fi; \
exit $exit_status
WARNING: Couldn't find the global config file.
Test run by root on Fri Jan 26 09:12:01 2018
Native configuration is x86_64-pc-linux-gnu

		=== libgomp tests ===

Schedule of variations:
    unix

Running target unix
Using /tools/share/dejagnu/baseboards/unix.exp as board description file for target.
Using /tools/share/dejagnu/config/unix.exp as generic interface file for target.
Using ../../../../libgomp/testsuite/config/default.exp as tool-and-target-specific interface file.
Running ../../../../libgomp/testsuite/libgomp.c/c.exp ...
Running ../../../../libgomp/testsuite/libgomp.c++/c++.exp ...
Running ../../../../libgomp/testsuite/libgomp.fortran/fortran.exp ...
No libgfortran library found, will not execute fortran tests
Running ../../../../libgomp/testsuite/libgomp.graphite/graphite.exp ...
Running ../../../../libgomp/testsuite/libgomp.hsa.c/c.exp ...
Running ../../../../libgomp/testsuite/libgomp.oacc-c/c.exp ...
Running ../../../../libgomp/testsuite/libgomp.oacc-c++/c++.exp ...
Running ../../../../libgomp/testsuite/libgomp.oacc-fortran/fortran.exp ...
No libgfortran library found, will not execute fortran tests

		=== libgomp Summary ===

# of expected passes		1728
# of unsupported tests		203
make[4]: Leaving directory '/sources/gcc-7.2.0/build/x86_64-pc-linux-gnu/libgomp/testsuite'
make[3]: Leaving directory '/sources/gcc-7.2.0/build/x86_64-pc-linux-gnu/libgomp/testsuite'
make[3]: Entering directory '/sources/gcc-7.2.0/build/x86_64-pc-linux-gnu/libgomp'
true  DO=all multi-do # make
make[3]: Leaving directory '/sources/gcc-7.2.0/build/x86_64-pc-linux-gnu/libgomp'
make[2]: Leaving directory '/sources/gcc-7.2.0/build/x86_64-pc-linux-gnu/libgomp'
make[2]: Entering directory '/sources/gcc-7.2.0/build/x86_64-pc-linux-gnu/libitm'
Making check in testsuite
make[3]: Entering directory '/sources/gcc-7.2.0/build/x86_64-pc-linux-gnu/libitm/testsuite'
make  check-DEJAGNU
make[4]: Entering directory '/sources/gcc-7.2.0/build/x86_64-pc-linux-gnu/libitm/testsuite'
Making a new site.exp file...
srcdir='../../../../libitm/testsuite'; export srcdir; \
EXPECT=expect; export EXPECT; \
runtest=runtest; \
if /bin/sh -c "$runtest --version" > /dev/null 2>&1; then \
  exit_status=0; l='libitm'; for tool in $l; do \
    if $runtest  --tool $tool --srcdir $srcdir ; \
    then :; else exit_status=1; fi; \
  done; \
else echo "WARNING: could not find \`runtest'" 1>&2; :;\
fi; \
exit $exit_status
WARNING: Couldn't find the global config file.
Test run by root on Fri Jan 26 09:14:46 2018
Native configuration is x86_64-pc-linux-gnu

		=== libitm tests ===

Schedule of variations:
    unix

Running target unix
Using /tools/share/dejagnu/baseboards/unix.exp as board description file for target.
Using /tools/share/dejagnu/config/unix.exp as generic interface file for target.
Using ../../../../libitm/testsuite/config/default.exp as tool-and-target-specific interface file.
Running ../../../../libitm/testsuite/libitm.c/c.exp ...
Running ../../../../libitm/testsuite/libitm.c++/c++.exp ...

		=== libitm Summary ===

# of expected passes		42
# of expected failures		3
# of unsupported tests		1
make[4]: Leaving directory '/sources/gcc-7.2.0/build/x86_64-pc-linux-gnu/libitm/testsuite'
make[3]: Leaving directory '/sources/gcc-7.2.0/build/x86_64-pc-linux-gnu/libitm/testsuite'
make[3]: Entering directory '/sources/gcc-7.2.0/build/x86_64-pc-linux-gnu/libitm'
true  DO=all multi-do # make
make[3]: Leaving directory '/sources/gcc-7.2.0/build/x86_64-pc-linux-gnu/libitm'
make[2]: Leaving directory '/sources/gcc-7.2.0/build/x86_64-pc-linux-gnu/libitm'
make[2]: Entering directory '/sources/gcc-7.2.0/build/x86_64-pc-linux-gnu/libatomic'
Making check in testsuite
make[3]: Entering directory '/sources/gcc-7.2.0/build/x86_64-pc-linux-gnu/libatomic/testsuite'
make  check-DEJAGNU
make[4]: Entering directory '/sources/gcc-7.2.0/build/x86_64-pc-linux-gnu/libatomic/testsuite'
Making a new site.exp file...
srcdir='../../../../libatomic/testsuite'; export srcdir; \
EXPECT=expect; export EXPECT; \
runtest=runtest; \
if /bin/sh -c "$runtest --version" > /dev/null 2>&1; then \
  exit_status=0; l='libatomic'; for tool in $l; do \
    if $runtest  --tool $tool --srcdir $srcdir ; \
    then :; else exit_status=1; fi; \
  done; \
else echo "WARNING: could not find \`runtest'" 1>&2; :;\
fi; \
exit $exit_status
WARNING: Couldn't find the global config file.
Test run by root on Fri Jan 26 09:14:54 2018
Native configuration is x86_64-pc-linux-gnu

		=== libatomic tests ===

Schedule of variations:
    unix

Running target unix
Using /tools/share/dejagnu/baseboards/unix.exp as board description file for target.
Using /tools/share/dejagnu/config/unix.exp as generic interface file for target.
Using ../../../../libatomic/testsuite/config/default.exp as tool-and-target-specific interface file.
Running ../../../../libatomic/testsuite/libatomic.c/c.exp ...

		=== libatomic Summary ===

# of expected passes		54
make[4]: Leaving directory '/sources/gcc-7.2.0/build/x86_64-pc-linux-gnu/libatomic/testsuite'
make[3]: Leaving directory '/sources/gcc-7.2.0/build/x86_64-pc-linux-gnu/libatomic/testsuite'
make[3]: Entering directory '/sources/gcc-7.2.0/build/x86_64-pc-linux-gnu/libatomic'
true  DO=all multi-do # make
make[3]: Leaving directory '/sources/gcc-7.2.0/build/x86_64-pc-linux-gnu/libatomic'
make[2]: Leaving directory '/sources/gcc-7.2.0/build/x86_64-pc-linux-gnu/libatomic'
make[1]: Leaving directory '/sources/gcc-7.2.0/build'
make: *** [Makefile:2243: do-check] Error 2
make: Target 'check' not remade because of errors.
cat <<'EOF' |
LAST_UPDATED: Obtained from SVN: tags/gcc_7_2_0_release revision 251082

Native configuration is x86_64-pc-linux-gnu

		=== g++ tests ===


Running target unix

		=== g++ Summary ===

# of expected passes		114354
# of expected failures		386
# of unsupported tests		4319
/sources/gcc-7.2.0/build/gcc/xg++  version 7.2.0 (GCC) 

		=== gcc tests ===


Running target unix

		=== gcc Summary ===

# of expected passes		128918
# of expected failures		366
# of unsupported tests		2082
/sources/gcc-7.2.0/build/gcc/xgcc  version 7.2.0 (GCC) 

		=== libatomic tests ===


Running target unix

		=== libatomic Summary ===

# of expected passes		54
		=== libgomp tests ===


Running target unix

		=== libgomp Summary ===

# of expected passes		1728
# of unsupported tests		203
		=== libitm tests ===


Running target unix

		=== libitm Summary ===

# of expected passes		42
# of expected failures		3
# of unsupported tests		1
		=== libstdc++ tests ===


Running target unix
FAIL: experimental/filesystem/iterators/directory_iterator.cc execution test
FAIL: experimental/filesystem/iterators/recursive_directory_iterator.cc execution test
FAIL: experimental/filesystem/operations/exists.cc execution test
FAIL: experimental/filesystem/operations/is_empty.cc execution test
FAIL: experimental/filesystem/operations/temp_directory_path.cc execution test

		=== libstdc++ Summary ===

# of expected passes		11782
# of unexpected failures	5
# of expected failures		66
# of unsupported tests		250

Compiler version: 7.2.0 (GCC) 
Platform: x86_64-pc-linux-gnu
configure flags: --prefix=/usr --enable-languages=c,c++ --disable-multilib --disable-bootstrap --with-system-zlib
EOF
Mail -s "Results for 7.2.0 (GCC) testsuite on x86_64-pc-linux-gnu" gcc-testresults@gcc.gnu.org &&
mv /sources/gcc-7.2.0/build/./gcc/testsuite/g++/g++.sum /sources/gcc-7.2.0/build/./gcc/testsuite/g++/g++.sum.sent &&
mv /sources/gcc-7.2.0/build/./gcc/testsuite/gcc/gcc.sum /sources/gcc-7.2.0/build/./gcc/testsuite/gcc/gcc.sum.sent &&
mv /sources/gcc-7.2.0/build/./x86_64-pc-linux-gnu/libatomic/testsuite/libatomic.sum /sources/gcc-7.2.0/build/./x86_64-pc-linux-gnu/libatomic/testsuite/libatomic.sum.sent &&
mv /sources/gcc-7.2.0/build/./x86_64-pc-linux-gnu/libgomp/testsuite/libgomp.sum /sources/gcc-7.2.0/build/./x86_64-pc-linux-gnu/libgomp/testsuite/libgomp.sum.sent &&
mv /sources/gcc-7.2.0/build/./x86_64-pc-linux-gnu/libitm/testsuite/libitm.sum /sources/gcc-7.2.0/build/./x86_64-pc-linux-gnu/libitm/testsuite/libitm.sum.sent &&
mv /sources/gcc-7.2.0/build/./x86_64-pc-linux-gnu/libstdc++-v3/testsuite/libstdc++.sum /sources/gcc-7.2.0/build/./x86_64-pc-linux-gnu/libstdc++-v3/testsuite/libstdc++.sum.sent &&
mv /sources/gcc-7.2.0/build/./gcc/testsuite/g++/g++.log /sources/gcc-7.2.0/build/./gcc/testsuite/g++/g++.log.sent &&
mv /sources/gcc-7.2.0/build/./gcc/testsuite/gcc/gcc.log /sources/gcc-7.2.0/build/./gcc/testsuite/gcc/gcc.log.sent &&
mv /sources/gcc-7.2.0/build/./x86_64-pc-linux-gnu/libatomic/testsuite/libatomic.log /sources/gcc-7.2.0/build/./x86_64-pc-linux-gnu/libatomic/testsuite/libatomic.log.sent &&
mv /sources/gcc-7.2.0/build/./x86_64-pc-linux-gnu/libgomp/testsuite/libgomp.log /sources/gcc-7.2.0/build/./x86_64-pc-linux-gnu/libgomp/testsuite/libgomp.log.sent &&
mv /sources/gcc-7.2.0/build/./x86_64-pc-linux-gnu/libitm/testsuite/libitm.log /sources/gcc-7.2.0/build/./x86_64-pc-linux-gnu/libitm/testsuite/libitm.log.sent &&
mv /sources/gcc-7.2.0/build/./x86_64-pc-linux-gnu/libstdc++-v3/testsuite/libstdc++.log /sources/gcc-7.2.0/build/./x86_64-pc-linux-gnu/libstdc++-v3/testsuite/libstdc++.log.sent &&
true
