make depend && make _tests
make[1]: Entering directory '/sources/openssl-1.1.0g/build'
make[1]: Leaving directory '/sources/openssl-1.1.0g/build'
make[1]: Entering directory '/sources/openssl-1.1.0g/build'
( cd test; \
  mkdir -p test-runs; \
  SRCTOP=../.. \
  BLDTOP=../. \
  RESULT_D=test-runs \
  PERL="/usr/bin/perl" \
  EXE_EXT= \
  OPENSSL_ENGINES=`cd .././engines; pwd` \
  OPENSSL_DEBUG_MEMORY=on \
    /usr/bin/perl ../../test/run_tests.pl  )
File::Glob::glob() will disappear in perl 5.30. Use File::Glob::bsd_glob() instead. at ../../test/run_tests.pl line 45.
../../test/recipes/01-test_abort.t ............ ok
../../test/recipes/01-test_sanity.t ........... ok
../../test/recipes/01-test_symbol_presence.t .. ok
../../test/recipes/02-test_ordinals.t ......... ok
../../test/recipes/03-test_exdata.t ........... ok
../../test/recipes/03-test_ui.t ............... ok
../../test/recipes/04-test_pem.t .............. ok
../../test/recipes/05-test_bf.t ............... ok
../../test/recipes/05-test_cast.t ............. ok
../../test/recipes/05-test_des.t .............. ok
../../test/recipes/05-test_hmac.t ............. ok
../../test/recipes/05-test_idea.t ............. ok
../../test/recipes/05-test_md2.t .............. skipped: md2 is not supported by this OpenSSL build
../../test/recipes/05-test_md4.t .............. ok
../../test/recipes/05-test_md5.t .............. ok
../../test/recipes/05-test_mdc2.t ............. ok
../../test/recipes/05-test_rand.t ............. ok
../../test/recipes/05-test_rc2.t .............. ok
../../test/recipes/05-test_rc4.t .............. ok
../../test/recipes/05-test_rc5.t .............. skipped: rc5 is not supported by this OpenSSL build
../../test/recipes/05-test_rmd.t .............. ok
../../test/recipes/05-test_sha1.t ............. ok
../../test/recipes/05-test_sha256.t ........... ok
../../test/recipes/05-test_sha512.t ........... ok
../../test/recipes/05-test_wp.t ............... ok
../../test/recipes/10-test_bn.t ............... ok
../../test/recipes/10-test_exp.t .............. ok
../../test/recipes/15-test_dh.t ............... ok
../../test/recipes/15-test_dsa.t .............. ok
../../test/recipes/15-test_ec.t ............... ok
../../test/recipes/15-test_ecdsa.t ............ ok
../../test/recipes/15-test_genrsa.t ........... ok
../../test/recipes/15-test_rsa.t .............. ok
../../test/recipes/15-test_rsapss.t ........... ok
../../test/recipes/20-test_enc.t .............. ok
../../test/recipes/20-test_passwd.t ........... ok
../../test/recipes/25-test_crl.t .............. ok
../../test/recipes/25-test_d2i.t .............. ok
../../test/recipes/25-test_pkcs7.t ............ ok
../../test/recipes/25-test_req.t .............. ok
../../test/recipes/25-test_sid.t .............. ok
../../test/recipes/25-test_verify.t ........... ok
../../test/recipes/25-test_x509.t ............. ok
../../test/recipes/30-test_afalg.t ............ skipped: test_afalg not supported for this build
../../test/recipes/30-test_engine.t ........... ok
../../test/recipes/30-test_evp.t .............. ok
../../test/recipes/30-test_evp_extra.t ........ ok
../../test/recipes/30-test_pbelu.t ............ ok
../../test/recipes/40-test_rehash.t ........... 
Dubious, test returned 1 (wstat 256, 0x100)
Failed 1/5 subtests 
	(less 1 skipped subtest: 3 okay)
../../test/recipes/60-test_x509_store.t ....... ok
../../test/recipes/70-test_asyncio.t .......... ok
../../test/recipes/70-test_bad_dtls.t ......... ok
../../test/recipes/70-test_clienthello.t ...... ok
../../test/recipes/70-test_packet.t ........... ok
../../test/recipes/70-test_sslcbcpadding.t .... ok
../../test/recipes/70-test_sslcertstatus.t .... ok
../../test/recipes/70-test_sslextension.t ..... ok
../../test/recipes/70-test_sslmessages.t ...... ok
../../test/recipes/70-test_sslrecords.t ....... ok
../../test/recipes/70-test_sslsessiontick.t ... ok
../../test/recipes/70-test_sslskewith0p.t ..... ok
../../test/recipes/70-test_sslvertol.t ........ ok
../../test/recipes/70-test_tlsextms.t ......... ok
../../test/recipes/70-test_verify_extra.t ..... ok
../../test/recipes/80-test_ca.t ............... ok
../../test/recipes/80-test_cipherlist.t ....... ok
../../test/recipes/80-test_cms.t .............. ok
../../test/recipes/80-test_ct.t ............... ok
../../test/recipes/80-test_dane.t ............. ok
../../test/recipes/80-test_dtls.t ............. ok
../../test/recipes/80-test_dtlsv1listen.t ..... ok
../../test/recipes/80-test_ocsp.t ............. ok
../../test/recipes/80-test_pkcs12.t ........... ok
../../test/recipes/80-test_ssl_new.t .......... ok
../../test/recipes/80-test_ssl_old.t .......... ok
../../test/recipes/80-test_ssl_test_ctx.t ..... ok
../../test/recipes/80-test_sslcorrupt.t ....... ok
../../test/recipes/80-test_tsa.t .............. ok
../../test/recipes/80-test_x509aux.t .......... ok
../../test/recipes/90-test_async.t ............ ok
../../test/recipes/90-test_bio_enc.t .......... ok
../../test/recipes/90-test_bioprint.t ......... ok
../../test/recipes/90-test_constant_time.t .... ok
../../test/recipes/90-test_fuzz.t ............. ok
../../test/recipes/90-test_gmdiff.t ........... ok
../../test/recipes/90-test_heartbeat.t ........ skipped: heartbeats is not supported by this OpenSSL build
../../test/recipes/90-test_ige.t .............. ok
../../test/recipes/90-test_memleak.t .......... ok
../../test/recipes/90-test_p5_crpt2.t ......... ok
../../test/recipes/90-test_secmem.t ........... ok
../../test/recipes/90-test_shlibload.t ........ ok
../../test/recipes/90-test_srp.t .............. ok
../../test/recipes/90-test_sslapi.t ........... ok
../../test/recipes/90-test_threads.t .......... ok
../../test/recipes/90-test_v3name.t ........... ok

Test Summary Report
-------------------
../../test/recipes/40-test_rehash.t         (Wstat: 256 Tests: 5 Failed: 1)
  Failed test:  4
  Non-zero exit status: 1
Files=95, Tests=556, 43 wallclock secs ( 0.29 usr  0.06 sys + 31.25 cusr  5.97 csys = 37.57 CPU)
Result: FAIL
make[1]: *** [Makefile:155: _tests] Error 1
make[1]: Leaving directory '/sources/openssl-1.1.0g/build'
make: *** [Makefile:152: tests] Error 2
make: Target 'test' not remade because of errors.
